build/app/intermediates/proguard-rules/release/aapt_rules.txt
# Referenced at merged_manifests/release/AndroidManifest.xml:19
-keep class androidx.core.app.CoreComponentFactory { <init>(); }
# Referenced at merged_manifests/release/AndroidManifest.xml:24
-keep class com.example.aplikasi_time_date_solat.MainActivity { <init>(); }
# Referenced at merged_manifests/release/AndroidManifest.xml:45
-keep class com.google.android.gms.common.api.GoogleApiActivity { <init>(); }
# Referenced at merged_manifests/release/AndroidManifest.xml:19
-keep class io.flutter.app.FlutterApplication { <init>(); }