build/app/outputs/mapping/release/mapping.txt
# compiler: R8
# compiler_version: 1.5.64
# min_api: 16
# pg_map_id: 1923f01
...
androidx.fragment.app.FragmentActivity$1 -> a.d.a.e$a:
    androidx.fragment.app.FragmentActivity this$0 -> a
androidx.fragment.app.FragmentActivity$HostCallbacks -> a.d.a.e$b:
    androidx.fragment.app.FragmentActivity this$0 -> e
    void onAttachFragment(androidx.fragment.app.Fragment) -> a
    void onDump(java.lang.String,java.io.FileDescriptor,java.io.PrintWriter,java.lang.String[]) -> a
    android.view.View onFindViewById(int) -> a
    boolean onHasView() -> a
    void onRequestPermissionsFromFragment(androidx.fragment.app.Fragment,java.lang.String[],int) -> a
    boolean onShouldShowRequestPermissionRationale(java.lang.String) -> a
    void onStartActivityFromFragment(androidx.fragment.app.Fragment,android.content.Intent,int,android.os.Bundle) -> a
    void onStartIntentSenderFromFragment(androidx.fragment.app.Fragment,android.content.IntentSender,int,android.content.Intent,int,int,int,android.os.Bundle) -> a
    boolean onShouldSaveFragmentState(androidx.fragment.app.Fragment) -> b
    androidx.fragment.app.FragmentActivity onGetHost() -> f
    java.lang.Object onGetHost() -> f
    android.view.LayoutInflater onGetLayoutInflater() -> g
    int onGetWindowAnimations() -> h
    boolean onHasWindowAnimations() -> i
    void onSupportInvalidateOptionsMenu() -> j
androidx.fragment.app.FragmentActivity$NonConfigurationInstances -> a.d.a.e$c:
    androidx.lifecycle.ViewModelStore viewModelStore -> b
    java.lang.Object custom -> a
    androidx.fragment.app.FragmentManagerNonConfig fragments -> c
androidx.fragment.app.FragmentContainer -> a.d.a.f:
    androidx.fragment.app.Fragment instantiate(android.content.Context,java.lang.String,android.os.Bundle) -> a
    android.view.View onFindViewById(int) -> a
    boolean onHasView() -> a
androidx.fragment.app.FragmentController -> a.d.a.g:
    androidx.fragment.app.FragmentHostCallback mHost -> a
    void attachHost(androidx.fragment.app.Fragment) -> a
    androidx.fragment.app.FragmentController createController(androidx.fragment.app.FragmentHostCallback) -> a
    void dispatchActivityCreated() -> a
    void dispatchConfigurationChanged(android.content.res.Configuration) -> a
    boolean dispatchContextItemSelected(android.view.MenuItem) -> a
    boolean dispatchCreateOptionsMenu(android.view.Menu,android.view.MenuInflater) -> a
    void dispatchMultiWindowModeChanged(boolean) -> a
    void dispatchOptionsMenuClosed(android.view.Menu) -> a
    androidx.fragment.app.Fragment findFragmentByWho(java.lang.String) -> a
    android.view.View onCreateView(android.view.View,java.lang.String,android.content.Context,android.util.AttributeSet) -> a
    void restoreAllState(android.os.Parcelable,androidx.fragment.app.FragmentManagerNonConfig) -> a
    void dispatchCreate() -> b
    boolean dispatchOptionsItemSelected(android.view.MenuItem) -> b
    void dispatchPictureInPictureModeChanged(boolean) -> b
    boolean dispatchPrepareOptionsMenu(android.view.Menu) -> b
    void dispatchDestroy() -> c
    void dispatchLowMemory() -> d
    void dispatchPause() -> e
    void dispatchResume() -> f
    void dispatchStart() -> g
    void dispatchStop() -> h
    boolean execPendingActions() -> i
    androidx.fragment.app.FragmentManager getSupportFragmentManager() -> j